# JRE version: Java(TM) SE Runtime Environment (8.0_131-b11) (build 1.8.0_131-b11)
# Java VM: Java HotSpot(TM) 64-Bit Server VM (25.131-b11 mixed mode bsd-amd64 compressed oops)
Heap:
 PSYoungGen      total 211968K, used 183594K [0x00000007b0000000, 0x00000007c0000000, 0x00000007c0000000)
  eden space 177152K, 84% used [0x00000007b0000000,0x00000007b91c7130,0x00000007bad00000)
  from space 34816K, 98% used [0x00000007bad00000,0x00000007bce83718,0x00000007bcf00000)
  to   space 45568K, 0% used [0x00000007bd380000,0x00000007bd380000,0x00000007c0000000)
 ParOldGen       total 524288K, used 85414K [0x0000000790000000, 0x00000007b0000000, 0x00000007b0000000)
  object space 524288K, 16% used [0x0000000790000000,0x0000000795369a00,0x00000007b0000000)
 Metaspace       used 69084K, capacity 73189K, committed 73368K, reserved 1112064K
  class space    used 9140K, capacity 10319K, committed 10416K, reserved 1048576K
GC Heap History (10 events):
Event: 21.497 GC heap before
{Heap before GC invocations=26 (full 3):
 PSYoungGen      total 231936K, used 215624K [0x00000007b0000000, 0x00000007c0000000, 0x00000007c0000000)
  eden space 200192K, 100% used [0x00000007b0000000,0x00000007bc380000,0x00000007bc380000)
  from space 31744K, 48% used [0x00000007be100000,0x00000007bf0122d0,0x00000007c0000000)
  to   space 30208K, 0% used [0x00000007bc380000,0x00000007bc380000,0x00000007be100000)
 ParOldGen       total 524288K, used 81182K [0x0000000790000000, 0x00000007b0000000, 0x00000007b0000000)
  object space 524288K, 15% used [0x0000000790000000,0x0000000794f47b38,0x00000007b0000000)
 Metaspace       used 65388K, capacity 68091K, committed 68376K, reserved 1107968K
  class space    used 8523K, capacity 9409K, committed 9520K, reserved 1048576K
Event: 21.514 GC heap after
Heap after GC invocations=26 (full 3):
 PSYoungGen      total 230400K, used 20533K [0x00000007b0000000, 0x00000007c0000000, 0x00000007c0000000)
  eden space 200192K, 0% used [0x00000007b0000000,0x00000007b0000000,0x00000007bc380000)
  from space 30208K, 67% used [0x00000007bc380000,0x00000007bd78d580,0x00000007be100000)
  to   space 31232K, 0% used [0x00000007be180000,0x00000007be180000,0x00000007c0000000)
 ParOldGen       total 524288K, used 81190K [0x0000000790000000, 0x00000007b0000000, 0x00000007b0000000)
  object space 524288K, 15% used [0x0000000790000000,0x0000000794f49b38,0x00000007b0000000)
 Metaspace       used 65388K, capacity 68091K, committed 68376K, reserved 1107968K
  class space    used 8523K, capacity 9409K, committed 9520K, reserved 1048576K
}
Event: 23.776 GC heap before
{Heap before GC invocations=27 (full 3):
 PSYoungGen      total 230400K, used 220725K [0x00000007b0000000, 0x00000007c0000000, 0x00000007c0000000)
  eden space 200192K, 100% used [0x00000007b0000000,0x00000007bc380000,0x00000007bc380000)
  from space 30208K, 67% used [0x00000007bc380000,0x00000007bd78d580,0x00000007be100000)
  to   space 31232K, 0% used [0x00000007be180000,0x00000007be180000,0x00000007c0000000)
 ParOldGen       total 524288K, used 81190K [0x0000000790000000, 0x00000007b0000000, 0x00000007b0000000)
  object space 524288K, 15% used [0x0000000790000000,0x0000000794f49b38,0x00000007b0000000)
 Metaspace       used 66223K, capacity 69345K, committed 69656K, reserved 1110016K
  class space    used 8702K, capacity 9735K, committed 9776K, reserved 1048576K
Event: 23.794 GC heap after
Heap after GC invocations=27 (full 3):
 PSYoungGen      total 227840K, used 23311K [0x00000007b0000000, 0x00000007c0000000, 0x00000007c0000000)
  eden space 196608K, 0% used [0x00000007b0000000,0x00000007b0000000,0x00000007bc000000)
  from space 31232K, 74% used [0x00000007be180000,0x00000007bf843c68,0x00000007c0000000)
  to   space 32768K, 0% used [0x00000007bc000000,0x00000007bc000000,0x00000007be000000)
 ParOldGen       total 524288K, used 81198K [0x0000000790000000, 0x00000007b0000000, 0x00000007b0000000)
  object space 524288K, 15% used [0x0000000790000000,0x0000000794f4bb38,0x00000007b0000000)
 Metaspace       used 66223K, capacity 69345K, committed 69656K, reserved 1110016K
  class space    used 8702K, capacity 9735K, committed 9776K, reserved 1048576K
}
Event: 60.974 GC heap before
{Heap before GC invocations=28 (full 3):
 PSYoungGen      total 227840K, used 219919K [0x00000007b0000000, 0x00000007c0000000, 0x00000007c0000000)
  eden space 196608K, 100% used [0x00000007b0000000,0x00000007bc000000,0x00000007bc000000)
  from space 31232K, 74% used [0x00000007be180000,0x00000007bf843c68,0x00000007c0000000)
  to   space 32768K, 0% used [0x00000007bc000000,0x00000007bc000000,0x00000007be000000)
 ParOldGen       total 524288K, used 81198K [0x0000000790000000, 0x00000007b0000000, 0x00000007b0000000)
  object space 524288K, 15% used [0x0000000790000000,0x0000000794f4bb38,0x00000007b0000000)
 Metaspace       used 67487K, capacity 70953K, committed 71192K, reserved 1110016K
  class space    used 8879K, capacity 9946K, committed 10032K, reserved 1048576K
Event: 61.002 GC heap after
Heap after GC invocations=28 (full 3):
 PSYoungGen      total 229376K, used 32741K [0x00000007b0000000, 0x00000007c0000000, 0x00000007c0000000)
  eden space 196608K, 0% used [0x00000007b0000000,0x00000007b0000000,0x00000007bc000000)
  from space 32768K, 99% used [0x00000007bc000000,0x00000007bdff9638,0x00000007be000000)
  to   space 32768K, 0% used [0x00000007be000000,0x00000007be000000,0x00000007c0000000)
 ParOldGen       total 524288K, used 82444K [0x0000000790000000, 0x00000007b0000000, 0x00000007b0000000)
  object space 524288K, 15% used [0x0000000790000000,0x00000007950831e0,0x00000007b0000000)
 Metaspace       used 67487K, capacity 70953K, committed 71192K, reserved 1110016K
  class space    used 8879K, capacity 9946K, committed 10032K, reserved 1048576K
}
Event: 110.415 GC heap before
{Heap before GC invocations=29 (full 3):
 PSYoungGen      total 229376K, used 229349K [0x00000007b0000000, 0x00000007c0000000, 0x00000007c0000000)
  eden space 196608K, 100% used [0x00000007b0000000,0x00000007bc000000,0x00000007bc000000)
  from space 32768K, 99% used [0x00000007bc000000,0x00000007bdff9638,0x00000007be000000)
  to   space 32768K, 0% used [0x00000007be000000,0x00000007be000000,0x00000007c0000000)
 ParOldGen       total 524288K, used 82444K [0x0000000790000000, 0x00000007b0000000, 0x00000007b0000000)
  object space 524288K, 15% used [0x0000000790000000,0x00000007950831e0,0x00000007b0000000)
 Metaspace       used 68336K, capacity 72103K, committed 72344K, reserved 1112064K
  class space    used 8997K, capacity 10122K, committed 10160K, reserved 1048576K
Event: 110.441 GC heap after
Heap after GC invocations=29 (full 3):
 PSYoungGen      total 209920K, used 32767K [0x00000007b0000000, 0x00000007c0000000, 0x00000007c0000000)
  eden space 177152K, 0% used [0x00000007b0000000,0x00000007b0000000,0x00000007bad00000)
  from space 32768K, 99% used [0x00000007be000000,0x00000007bffffe00,0x00000007c0000000)
  to   space 42496K, 0% used [0x00000007bad00000,0x00000007bad00000,0x00000007bd680000)
 ParOldGen       total 524288K, used 85406K [0x0000000790000000, 0x00000007b0000000, 0x00000007b0000000)
  object space 524288K, 16% used [0x0000000790000000,0x0000000795367a00,0x00000007b0000000)
 Metaspace       used 68336K, capacity 72103K, committed 72344K, reserved 1112064K
  class space    used 8997K, capacity 10122K, committed 10160K, reserved 1048576K
}
Event: 202.508 GC heap before
{Heap before GC invocations=30 (full 3):
 PSYoungGen      total 209920K, used 209919K [0x00000007b0000000, 0x00000007c0000000, 0x00000007c0000000)
  eden space 177152K, 100% used [0x00000007b0000000,0x00000007bad00000,0x00000007bad00000)
  from space 32768K, 99% used [0x00000007be000000,0x00000007bffffe00,0x00000007c0000000)
  to   space 42496K, 0% used [0x00000007bad00000,0x00000007bad00000,0x00000007bd680000)
 ParOldGen       total 524288K, used 85406K [0x0000000790000000, 0x00000007b0000000, 0x00000007b0000000)
  object space 524288K, 16% used [0x0000000790000000,0x0000000795367a00,0x00000007b0000000)
 Metaspace       used 68668K, capacity 72661K, committed 72728K, reserved 1112064K
  class space    used 9074K, capacity 10225K, committed 10288K, reserved 1048576K
Event: 202.539 GC heap after
Heap after GC invocations=30 (full 3):
 PSYoungGen      total 211968K, used 34317K [0x00000007b0000000, 0x00000007c0000000, 0x00000007c0000000)
  eden space 177152K, 0% used [0x00000007b0000000,0x00000007b0000000,0x00000007bad00000)
  from space 34816K, 98% used [0x00000007bad00000,0x00000007bce83718,0x00000007bcf00000)
  to   space 45568K, 0% used [0x00000007bd380000,0x00000007bd380000,0x00000007c0000000)
 ParOldGen       total 524288K, used 85414K [0x0000000790000000, 0x00000007b0000000, 0x00000007b0000000)
  object space 524288K, 16% used [0x0000000790000000,0x0000000795369a00,0x00000007b0000000)
 Metaspace       used 68668K, capacity 72661K, committed 72728K, reserved 1112064K
  class space    used 9074K, capacity 10225K, committed 10288K, reserved 1048576K
}

